{
  "stats": {
    "suites": 1,
    "tests": 13,
    "passes": 13,
    "pending": 0,
    "failures": 0,
    "start": "2022-12-28T23:59:31.713Z",
    "end": "2022-12-29T00:00:35.106Z",
    "duration": 63393,
    "testsRegistered": 13,
    "passPercent": 100,
    "pendingPercent": 0,
    "other": 0,
    "hasOther": false,
    "skipped": 0,
    "hasSkipped": false
  },
  "results": [
    {
      "uuid": "ec2973a5-0aac-4f35-8c6a-2d0c9c10689a",
      "title": "",
      "fullFile": "cypress/integration/tests/RegisterPageTest.js",
      "file": "cypress/integration/tests/RegisterPageTest.js",
      "beforeHooks": [],
      "afterHooks": [],
      "tests": [],
      "suites": [
        {
          "uuid": "1372f157-598c-4d7a-90fd-0eea296e95bd",
          "title": "Register Page Features",
          "fullFile": "",
          "file": "",
          "beforeHooks": [],
          "afterHooks": [],
          "tests": [
            {
              "title": "Validate Register Title Test",
              "fullTitle": "Register Page Features Validate Register Title Test",
              "timedOut": null,
              "duration": 5853,
              "state": "passed",
              "speed": "medium",
              "pass": true,
              "fail": false,
              "pending": false,
              "context": null,
              "code": "yourStorePage = new _YourStorePage.default();\nregisterPage = new _RegisterPage.default();\nconst registerTitlePage = openCartData.registerTitlePage;\nyourStorePage.proceedToRegisterPage();\nregisterPage.titlePageTest(registerTitlePage);",
              "err": {},
              "uuid": "8cb3216c-d68d-4ebf-a3c7-7d07957ba3fe",
              "parentUUID": "1372f157-598c-4d7a-90fd-0eea296e95bd",
              "isHook": false,
              "skipped": false
            },
            {
              "title": "Do Register New Customer Test",
              "fullTitle": "Register Page Features Do Register New Customer Test",
              "timedOut": null,
              "duration": 4295,
              "state": "passed",
              "speed": "fast",
              "pass": true,
              "fail": false,
              "pending": false,
              "context": null,
              "code": "yourStorePage = new _YourStorePage.default();\nregisterPage = new _RegisterPage.default();\nconst firstName = _faker.faker.name.firstName();\nconst lastName = _faker.faker.name.lastName();\nconst email = _faker.faker.internet.email();\nconst phone = _faker.faker.phone.number();\nconst psw = _faker.faker.internet.password();\nconst successMessage = openCartData.success;\nyourStorePage.proceedToRegisterPage();\nregisterPage.doRegister(firstName, lastName, email, phone, psw);\nregisterPage.validateSuccessMessage(successMessage);",
              "err": {},
              "uuid": "abad7d92-1d24-4e38-9ba1-ddbd8a4db019",
              "parentUUID": "1372f157-598c-4d7a-90fd-0eea296e95bd",
              "isHook": false,
              "skipped": false
            },
            {
              "title": "Do Register Existing Customer Test",
              "fullTitle": "Register Page Features Do Register Existing Customer Test",
              "timedOut": null,
              "duration": 3576,
              "state": "passed",
              "speed": "fast",
              "pass": true,
              "fail": false,
              "pending": false,
              "context": null,
              "code": "yourStorePage = new _YourStorePage.default();\nregisterPage = new _RegisterPage.default();\nconst firstName = openCartData.firstName;\nconst lastName = openCartData.lastName;\nconst email = openCartData.email;\nconst phone = openCartData.phone;\nconst psw = openCartData.password;\nconst warningAlert = openCartData.warning;\nyourStorePage.proceedToRegisterPage();\nregisterPage.doRegister(firstName, lastName, email, phone, psw);\nregisterPage.validateWarningMessage(warningAlert);",
              "err": {},
              "uuid": "dfc4b8be-147b-4498-bac0-79f78f288294",
              "parentUUID": "1372f157-598c-4d7a-90fd-0eea296e95bd",
              "isHook": false,
              "skipped": false
            },
            {
              "title": "Do Register New Customer With Minimum Phone Number Value Test",
              "fullTitle": "Register Page Features Do Register New Customer With Minimum Phone Number Value Test",
              "timedOut": null,
              "duration": 3526,
              "state": "passed",
              "speed": "fast",
              "pass": true,
              "fail": false,
              "pending": false,
              "context": null,
              "code": "yourStorePage = new _YourStorePage.default();\nregisterPage = new _RegisterPage.default();\nconst firstName = _faker.faker.name.firstName();\nconst lastName = _faker.faker.name.lastName();\nconst email = _faker.faker.internet.email();\nconst phone = _faker.faker.phone.number(\"##\");\nconst psw = _faker.faker.internet.password();\nconst telephoneAlertMessage = openCartData.telephoneAlert;\nyourStorePage.proceedToRegisterPage();\nregisterPage.doRegister(firstName, lastName, email, phone, psw);\nregisterPage.validateAlertMessage(telephoneAlertMessage);",
              "err": {},
              "uuid": "2992dbe6-1211-47d2-b91b-bb5406c7c6ae",
              "parentUUID": "1372f157-598c-4d7a-90fd-0eea296e95bd",
              "isHook": false,
              "skipped": false
            },
            {
              "title": "Do Register New Customer With Maximum Phone Number Value Test",
              "fullTitle": "Register Page Features Do Register New Customer With Maximum Phone Number Value Test",
              "timedOut": null,
              "duration": 4185,
              "state": "passed",
              "speed": "fast",
              "pass": true,
              "fail": false,
              "pending": false,
              "context": null,
              "code": "yourStorePage = new _YourStorePage.default();\nregisterPage = new _RegisterPage.default();\nconst firstName = _faker.faker.name.firstName();\nconst lastName = _faker.faker.name.lastName();\nconst email = _faker.faker.internet.email();\nconst phone = _faker.faker.phone.number(\"##################################\");\nconst psw = _faker.faker.internet.password();\nconst telephoneAlertMessage = openCartData.telephoneAlert;\nyourStorePage.proceedToRegisterPage();\nregisterPage.doRegister(firstName, lastName, email, phone, psw);\nregisterPage.validateAlertMessage(telephoneAlertMessage);",
              "err": {},
              "uuid": "146e93ff-636e-45ee-8b60-8602be16cb0e",
              "parentUUID": "1372f157-598c-4d7a-90fd-0eea296e95bd",
              "isHook": false,
              "skipped": false
            },
            {
              "title": "Do Register New Customer With Minimum Password Value Test",
              "fullTitle": "Register Page Features Do Register New Customer With Minimum Password Value Test",
              "timedOut": null,
              "duration": 3362,
              "state": "passed",
              "speed": "fast",
              "pass": true,
              "fail": false,
              "pending": false,
              "context": null,
              "code": "yourStorePage = new _YourStorePage.default();\nregisterPage = new _RegisterPage.default();\nconst firstName = _faker.faker.name.firstName();\nconst lastName = _faker.faker.name.lastName();\nconst email = _faker.faker.internet.email();\nconst phone = _faker.faker.phone.number();\nconst psw = _faker.faker.internet.password(3);\nconst passwordAlertMessage = openCartData.passwordAlert;\nyourStorePage.proceedToRegisterPage();\nregisterPage.doRegister(firstName, lastName, email, phone, psw);\nregisterPage.validateAlertMessage(passwordAlertMessage);",
              "err": {},
              "uuid": "6f03dd27-3f27-4d0e-acf0-065d57732619",
              "parentUUID": "1372f157-598c-4d7a-90fd-0eea296e95bd",
              "isHook": false,
              "skipped": false
            },
            {
              "title": "Do Register New Customer With Maximum Password Value Test",
              "fullTitle": "Register Page Features Do Register New Customer With Maximum Password Value Test",
              "timedOut": null,
              "duration": 12393,
              "state": "passed",
              "speed": "slow",
              "pass": true,
              "fail": false,
              "pending": false,
              "context": null,
              "code": "yourStorePage = new _YourStorePage.default();\nregisterPage = new _RegisterPage.default();\nconst firstName = _faker.faker.name.firstName();\nconst lastName = _faker.faker.name.lastName();\nconst email = _faker.faker.internet.email();\nconst phone = _faker.faker.phone.number();\nconst psw = _faker.faker.internet.password(41);\nconst passwordAlertMessage = openCartData.passwordAlert;\nyourStorePage.proceedToRegisterPage();\nregisterPage.doRegister(firstName, lastName, email, phone, psw);\nregisterPage.validateAlertMessage(passwordAlertMessage);",
              "err": {},
              "uuid": "c075e3fa-7c9e-4b9c-a513-cc476588ea17",
              "parentUUID": "1372f157-598c-4d7a-90fd-0eea296e95bd",
              "isHook": false,
              "skipped": false
            },
            {
              "title": "Do Register New Customer With Dismatched Password Value Test",
              "fullTitle": "Register Page Features Do Register New Customer With Dismatched Password Value Test",
              "timedOut": null,
              "duration": 3855,
              "state": "passed",
              "speed": "fast",
              "pass": true,
              "fail": false,
              "pending": false,
              "context": null,
              "code": "yourStorePage = new _YourStorePage.default();\nregisterPage = new _RegisterPage.default();\nconst firstName = _faker.faker.name.firstName();\nconst lastName = _faker.faker.name.lastName();\nconst email = _faker.faker.internet.email();\nconst phone = _faker.faker.phone.number();\nconst psw = _faker.faker.internet.password();\nconst pswConfirm = _faker.faker.internet.password();\nconst passwordDismatchedAlertMessage = openCartData.passwordDismatchedAlert;\nyourStorePage.proceedToRegisterPage();\nregisterPage.doRegisterDismatchPsw(firstName, lastName, email, phone, psw, pswConfirm);\nregisterPage.validateAlertMessage(passwordDismatchedAlertMessage);",
              "err": {},
              "uuid": "7496afe9-b9bf-47ee-bb6b-8604a82a7986",
              "parentUUID": "1372f157-598c-4d7a-90fd-0eea296e95bd",
              "isHook": false,
              "skipped": false
            },
            {
              "title": "Do Register New Customer With Minimum Password Value/Dismatched Test",
              "fullTitle": "Register Page Features Do Register New Customer With Minimum Password Value/Dismatched Test",
              "timedOut": null,
              "duration": 3433,
              "state": "passed",
              "speed": "fast",
              "pass": true,
              "fail": false,
              "pending": false,
              "context": null,
              "code": "yourStorePage = new _YourStorePage.default();\nregisterPage = new _RegisterPage.default();\nconst firstName = _faker.faker.name.firstName();\nconst lastName = _faker.faker.name.lastName();\nconst email = _faker.faker.internet.email();\nconst phone = _faker.faker.phone.number();\nconst psw = _faker.faker.internet.password(2);\nconst pswConfirm = _faker.faker.internet.password(3);\nconst passwordMinimumValueDismatchedAlertMessage = openCartData.passwordMinimumValueDismatchedAlertMessage;\nyourStorePage.proceedToRegisterPage();\nregisterPage.doRegisterDismatchPsw(firstName, lastName, email, phone, psw, pswConfirm);\nregisterPage.validateAlertMessage(passwordMinimumValueDismatchedAlertMessage);",
              "err": {},
              "uuid": "24c23dd5-ec70-4525-afbd-85c45d746d63",
              "parentUUID": "1372f157-598c-4d7a-90fd-0eea296e95bd",
              "isHook": false,
              "skipped": false
            },
            {
              "title": "Do Register New Customer Without Agreement Policy Test",
              "fullTitle": "Register Page Features Do Register New Customer Without Agreement Policy Test",
              "timedOut": null,
              "duration": 3642,
              "state": "passed",
              "speed": "fast",
              "pass": true,
              "fail": false,
              "pending": false,
              "context": null,
              "code": "yourStorePage = new _YourStorePage.default();\nregisterPage = new _RegisterPage.default();\nconst firstName = _faker.faker.name.firstName();\nconst lastName = _faker.faker.name.lastName();\nconst email = _faker.faker.internet.email();\nconst phone = _faker.faker.phone.number();\nconst psw = _faker.faker.internet.password();\nconst agreementPolicyMessage = openCartData.agreementPolicy;\nyourStorePage.proceedToRegisterPage();\nregisterPage.doRegisterWithoutAgreementPolicy(firstName, lastName, email, phone, psw);\nregisterPage.validateWarningMessage(agreementPolicyMessage);",
              "err": {},
              "uuid": "1e44098b-803a-4ed4-8638-20e161e01434",
              "parentUUID": "1372f157-598c-4d7a-90fd-0eea296e95bd",
              "isHook": false,
              "skipped": false
            },
            {
              "title": "Forgot Password Validate Page Test",
              "fullTitle": "Register Page Features Forgot Password Validate Page Test",
              "timedOut": null,
              "duration": 1553,
              "state": "passed",
              "speed": "fast",
              "pass": true,
              "fail": false,
              "pending": false,
              "context": null,
              "code": "yourStorePage = new _YourStorePage.default();\nregisterPage = new _RegisterPage.default();\nconst forgotPasswordLink = openCartData.forgotPasswordLink;\nyourStorePage.proceedToRegisterPage();\nregisterPage.clickOnTheForgottenPsw();\nregisterPage.validatePageLinkText(forgotPasswordLink);",
              "err": {},
              "uuid": "5786ccbd-26ff-4ebc-a0a2-c50c4dd64d69",
              "parentUUID": "1372f157-598c-4d7a-90fd-0eea296e95bd",
              "isHook": false,
              "skipped": false
            },
            {
              "title": "Send Email Forgot Password Existing Customer Test",
              "fullTitle": "Register Page Features Send Email Forgot Password Existing Customer Test",
              "timedOut": null,
              "duration": 2990,
              "state": "passed",
              "speed": "fast",
              "pass": true,
              "fail": false,
              "pending": false,
              "context": null,
              "code": "yourStorePage = new _YourStorePage.default();\nregisterPage = new _RegisterPage.default();\nconst emailForSend = openCartData.email;\nconst emailConfirmationLink = openCartData.emailConfirmationLink;\nyourStorePage.proceedToRegisterPage();\nregisterPage.clickOnTheForgottenPsw();\nregisterPage.sendEmailForPassword(emailForSend);\nregisterPage.validateSuccessAlertMessage(emailConfirmationLink);",
              "err": {},
              "uuid": "543bf493-afa6-4b7b-82d7-5e939063f6bc",
              "parentUUID": "1372f157-598c-4d7a-90fd-0eea296e95bd",
              "isHook": false,
              "skipped": false
            },
            {
              "title": "Send Email Forgot Password New Customer Test",
              "fullTitle": "Register Page Features Send Email Forgot Password New Customer Test",
              "timedOut": null,
              "duration": 2297,
              "state": "passed",
              "speed": "fast",
              "pass": true,
              "fail": false,
              "pending": false,
              "context": null,
              "code": "yourStorePage = new _YourStorePage.default();\nregisterPage = new _RegisterPage.default();\nconst emailForSend = _faker.faker.internet.email();\nconst emailAddressWasNotFound = openCartData.emailAddressWasNotFound;\nyourStorePage.proceedToRegisterPage();\nregisterPage.clickOnTheForgottenPsw();\nregisterPage.sendEmailForPassword(emailForSend);\nregisterPage.validateWarningMessage(emailAddressWasNotFound);",
              "err": {},
              "uuid": "5ab2f014-c409-4301-90c7-9860ba0e3453",
              "parentUUID": "1372f157-598c-4d7a-90fd-0eea296e95bd",
              "isHook": false,
              "skipped": false
            }
          ],
          "suites": [],
          "passes": [
            "8cb3216c-d68d-4ebf-a3c7-7d07957ba3fe",
            "abad7d92-1d24-4e38-9ba1-ddbd8a4db019",
            "dfc4b8be-147b-4498-bac0-79f78f288294",
            "2992dbe6-1211-47d2-b91b-bb5406c7c6ae",
            "146e93ff-636e-45ee-8b60-8602be16cb0e",
            "6f03dd27-3f27-4d0e-acf0-065d57732619",
            "c075e3fa-7c9e-4b9c-a513-cc476588ea17",
            "7496afe9-b9bf-47ee-bb6b-8604a82a7986",
            "24c23dd5-ec70-4525-afbd-85c45d746d63",
            "1e44098b-803a-4ed4-8638-20e161e01434",
            "5786ccbd-26ff-4ebc-a0a2-c50c4dd64d69",
            "543bf493-afa6-4b7b-82d7-5e939063f6bc",
            "5ab2f014-c409-4301-90c7-9860ba0e3453"
          ],
          "failures": [],
          "pending": [],
          "skipped": [],
          "duration": 54960,
          "root": false,
          "rootEmpty": false,
          "_timeout": 2000
        }
      ],
      "passes": [],
      "failures": [],
      "pending": [],
      "skipped": [],
      "duration": 0,
      "root": true,
      "rootEmpty": true,
      "_timeout": 2000
    }
  ],
  "meta": {
    "mocha": {
      "version": "7.0.1"
    },
    "mochawesome": {
      "options": {
        "quiet": false,
        "reportFilename": "mochawesome",
        "saveHtml": true,
        "saveJson": true,
        "consoleReporter": "spec",
        "useInlineDiffs": false,
        "code": true
      },
      "version": "7.1.3"
    },
    "marge": {
      "options": null,
      "version": "6.2.0"
    }
  }
}